;  LST file generated by mikroListExporter - v.2.0 
; Date/Time: 10/8/2024 2:01:46 AM
;----------------------------------------------

;Address Opcode 	ASM
0x0000	0x2891      	GOTO       145
_____DoICP:
;__Lib_System.c,6 :: 		
;__Lib_System.c,9 :: 		
0x0003	0x1283      	BCF        STATUS, 5
0x0004	0x1303      	BCF        STATUS, 6
0x0005	0x0821      	MOVF       ___DoICPAddr+1, 0
0x0006	0x008A      	MOVWF      PCLATH
;__Lib_System.c,10 :: 		
0x0007	0x0820      	MOVF       ___DoICPAddr, 0
0x0008	0x0082      	MOVWF      PCL
;__Lib_System.c,12 :: 		
L_end_____DoICP:
0x0009	0x0008      	RETURN
; end of _____DoICP
_servoRotate0:
;Servo Motor.c,1 :: 		void servoRotate0(){
;Servo Motor.c,3 :: 		for(i=0;i<50;i++){
0x000A	0x1283      	BCF        STATUS, 5
0x000B	0x1303      	BCF        STATUS, 6
0x000C	0x01F1      	CLRF       R1
0x000D	0x01F2      	CLRF       R1+1
L_servoRotate00:
0x000E	0x3080      	MOVLW      128
0x000F	0x0672      	XORWF      R1+1, 0
0x0010	0x00F0      	MOVWF      R0
0x0011	0x3080      	MOVLW      128
0x0012	0x0270      	SUBWF      R0, 0
0x0013	0x1D03      	BTFSS      STATUS, 2
0x0014	0x2817      	GOTO       L__servoRotate021
0x0015	0x3032      	MOVLW      50
0x0016	0x0271      	SUBWF      R1, 0
L__servoRotate021:
0x0017	0x1803      	BTFSC      STATUS, 0
0x0018	0x2832      	GOTO       L_servoRotate01
;Servo Motor.c,4 :: 		portb.f0=1;
0x0019	0x1406      	BSF        PORTB, 0
;Servo Motor.c,5 :: 		delay_us(800);
0x001A	0x3003      	MOVLW      3
0x001B	0x00FC      	MOVWF      R12
0x001C	0x3012      	MOVLW      18
0x001D	0x00FD      	MOVWF      R13
L_servoRotate03:
0x001E	0x0BFD      	DECFSZ     R13, 1
0x001F	0x281E      	GOTO       L_servoRotate03
0x0020	0x0BFC      	DECFSZ     R12, 1
0x0021	0x281E      	GOTO       L_servoRotate03
0x0022	0x0000      	NOP
;Servo Motor.c,6 :: 		portb.f0=0;
0x0023	0x1006      	BCF        PORTB, 0
;Servo Motor.c,7 :: 		delay_us(19200);
0x0024	0x3032      	MOVLW      50
0x0025	0x00FC      	MOVWF      R12
0x0026	0x30DD      	MOVLW      221
0x0027	0x00FD      	MOVWF      R13
L_servoRotate04:
0x0028	0x0BFD      	DECFSZ     R13, 1
0x0029	0x2828      	GOTO       L_servoRotate04
0x002A	0x0BFC      	DECFSZ     R12, 1
0x002B	0x2828      	GOTO       L_servoRotate04
0x002C	0x0000      	NOP
0x002D	0x0000      	NOP
;Servo Motor.c,3 :: 		for(i=0;i<50;i++){
0x002E	0x0AF1      	INCF       R1, 1
0x002F	0x1903      	BTFSC      STATUS, 2
0x0030	0x0AF2      	INCF       R1+1, 1
;Servo Motor.c,8 :: 		}
0x0031	0x280E      	GOTO       L_servoRotate00
L_servoRotate01:
;Servo Motor.c,9 :: 		}
L_end_servoRotate0:
0x0032	0x0008      	RETURN
; end of _servoRotate0
_servoRotate90:
;Servo Motor.c,10 :: 		void servoRotate90(){
;Servo Motor.c,12 :: 		for(i=0;i<50;i++){
0x0033	0x1283      	BCF        STATUS, 5
0x0034	0x1303      	BCF        STATUS, 6
0x0035	0x01F1      	CLRF       R1
0x0036	0x01F2      	CLRF       R1+1
L_servoRotate905:
0x0037	0x3080      	MOVLW      128
0x0038	0x0672      	XORWF      R1+1, 0
0x0039	0x00F0      	MOVWF      R0
0x003A	0x3080      	MOVLW      128
0x003B	0x0270      	SUBWF      R0, 0
0x003C	0x1D03      	BTFSS      STATUS, 2
0x003D	0x2840      	GOTO       L__servoRotate9023
0x003E	0x3032      	MOVLW      50
0x003F	0x0271      	SUBWF      R1, 0
L__servoRotate9023:
0x0040	0x1803      	BTFSC      STATUS, 0
0x0041	0x285B      	GOTO       L_servoRotate906
;Servo Motor.c,13 :: 		portb.f0=1;
0x0042	0x1406      	BSF        PORTB, 0
;Servo Motor.c,14 :: 		delay_us(1500);
0x0043	0x3004      	MOVLW      4
0x0044	0x00FC      	MOVWF      R12
0x0045	0x30E4      	MOVLW      228
0x0046	0x00FD      	MOVWF      R13
L_servoRotate908:
0x0047	0x0BFD      	DECFSZ     R13, 1
0x0048	0x2847      	GOTO       L_servoRotate908
0x0049	0x0BFC      	DECFSZ     R12, 1
0x004A	0x2847      	GOTO       L_servoRotate908
0x004B	0x0000      	NOP
;Servo Motor.c,15 :: 		portb.f0=0;
0x004C	0x1006      	BCF        PORTB, 0
;Servo Motor.c,16 :: 		delay_us(18500);
0x004D	0x3031      	MOVLW      49
0x004E	0x00FC      	MOVWF      R12
0x004F	0x300B      	MOVLW      11
0x0050	0x00FD      	MOVWF      R13
L_servoRotate909:
0x0051	0x0BFD      	DECFSZ     R13, 1
0x0052	0x2851      	GOTO       L_servoRotate909
0x0053	0x0BFC      	DECFSZ     R12, 1
0x0054	0x2851      	GOTO       L_servoRotate909
0x0055	0x0000      	NOP
0x0056	0x0000      	NOP
;Servo Motor.c,12 :: 		for(i=0;i<50;i++){
0x0057	0x0AF1      	INCF       R1, 1
0x0058	0x1903      	BTFSC      STATUS, 2
0x0059	0x0AF2      	INCF       R1+1, 1
;Servo Motor.c,17 :: 		}
0x005A	0x2837      	GOTO       L_servoRotate905
L_servoRotate906:
;Servo Motor.c,18 :: 		}
L_end_servoRotate90:
0x005B	0x0008      	RETURN
; end of _servoRotate90
_servoRotate180:
;Servo Motor.c,19 :: 		void servoRotate180(){
;Servo Motor.c,21 :: 		for(i=0;i<50;i++){
0x005C	0x1283      	BCF        STATUS, 5
0x005D	0x1303      	BCF        STATUS, 6
0x005E	0x01F1      	CLRF       R1
0x005F	0x01F2      	CLRF       R1+1
L_servoRotate18010:
0x0060	0x3080      	MOVLW      128
0x0061	0x0672      	XORWF      R1+1, 0
0x0062	0x00F0      	MOVWF      R0
0x0063	0x3080      	MOVLW      128
0x0064	0x0270      	SUBWF      R0, 0
0x0065	0x1D03      	BTFSS      STATUS, 2
0x0066	0x2869      	GOTO       L__servoRotate18025
0x0067	0x3032      	MOVLW      50
0x0068	0x0271      	SUBWF      R1, 0
L__servoRotate18025:
0x0069	0x1803      	BTFSC      STATUS, 0
0x006A	0x2884      	GOTO       L_servoRotate18011
;Servo Motor.c,22 :: 		portb.f0=1;
0x006B	0x1406      	BSF        PORTB, 0
;Servo Motor.c,23 :: 		delay_us(2200);
0x006C	0x3006      	MOVLW      6
0x006D	0x00FC      	MOVWF      R12
0x006E	0x30B5      	MOVLW      181
0x006F	0x00FD      	MOVWF      R13
L_servoRotate18013:
0x0070	0x0BFD      	DECFSZ     R13, 1
0x0071	0x2870      	GOTO       L_servoRotate18013
0x0072	0x0BFC      	DECFSZ     R12, 1
0x0073	0x2870      	GOTO       L_servoRotate18013
0x0074	0x0000      	NOP
0x0075	0x0000      	NOP
;Servo Motor.c,24 :: 		portb.f0=0;
0x0076	0x1006      	BCF        PORTB, 0
;Servo Motor.c,25 :: 		delay_us(17800);
0x0077	0x302F      	MOVLW      47
0x0078	0x00FC      	MOVWF      R12
0x0079	0x303A      	MOVLW      58
0x007A	0x00FD      	MOVWF      R13
L_servoRotate18014:
0x007B	0x0BFD      	DECFSZ     R13, 1
0x007C	0x287B      	GOTO       L_servoRotate18014
0x007D	0x0BFC      	DECFSZ     R12, 1
0x007E	0x287B      	GOTO       L_servoRotate18014
0x007F	0x0000      	NOP
;Servo Motor.c,21 :: 		for(i=0;i<50;i++){
0x0080	0x0AF1      	INCF       R1, 1
0x0081	0x1903      	BTFSC      STATUS, 2
0x0082	0x0AF2      	INCF       R1+1, 1
;Servo Motor.c,26 :: 		}
0x0083	0x2860      	GOTO       L_servoRotate18010
L_servoRotate18011:
;Servo Motor.c,27 :: 		}
L_end_servoRotate180:
0x0084	0x0008      	RETURN
; end of _servoRotate180
___CC2DW:
;__Lib_System.c,134 :: 		
;__Lib_System.c,137 :: 		
_CC2D_Loop1:
;__Lib_System.c,139 :: 		
0x0085	0x2003      	CALL       _____DoICP
0x0086	0x118A      	BCF        PCLATH, 3
0x0087	0x120A      	BCF        PCLATH, 4
;__Lib_System.c,141 :: 		
0x0088	0x0080      	MOVWF      INDF
;__Lib_System.c,142 :: 		
0x0089	0x0A84      	INCF       FSR, 1
;__Lib_System.c,143 :: 		
0x008A	0x0AA0      	INCF       ___DoICPAddr, 1
;__Lib_System.c,145 :: 		
0x008B	0x1903      	BTFSC      STATUS, 2
;__Lib_System.c,146 :: 		
0x008C	0x0AA1      	INCF       ___DoICPAddr+1, 1
;__Lib_System.c,147 :: 		
0x008D	0x03F0      	DECF       R0, 1
;__Lib_System.c,149 :: 		
0x008E	0x1D03      	BTFSS      STATUS, 2
;__Lib_System.c,150 :: 		
0x008F	0x2885      	GOTO       _CC2D_Loop1
;__Lib_System.c,152 :: 		
L_end___CC2DW:
0x0090	0x0008      	RETURN
; end of ___CC2DW
_main:
;Servo Motor.c,29 :: 		void main() {
;Servo Motor.c,30 :: 		TRISB=0x00;
0x0091	0x1683      	BSF        STATUS, 5
0x0092	0x1303      	BCF        STATUS, 6
0x0093	0x0186      	CLRF       TRISB
;Servo Motor.c,31 :: 		PORTB=0x00;
0x0094	0x1283      	BCF        STATUS, 5
0x0095	0x0186      	CLRF       PORTB
;Servo Motor.c,32 :: 		while(1){
L_main15:
;Servo Motor.c,33 :: 		servoRotate0();
0x0096	0x200A      	CALL       _servoRotate0
;Servo Motor.c,34 :: 		delay_ms(5000);
0x0097	0x3033      	MOVLW      51
0x0098	0x00FB      	MOVWF      R11
0x0099	0x30BB      	MOVLW      187
0x009A	0x00FC      	MOVWF      R12
0x009B	0x30DF      	MOVLW      223
0x009C	0x00FD      	MOVWF      R13
L_main17:
0x009D	0x0BFD      	DECFSZ     R13, 1
0x009E	0x289D      	GOTO       L_main17
0x009F	0x0BFC      	DECFSZ     R12, 1
0x00A0	0x289D      	GOTO       L_main17
0x00A1	0x0BFB      	DECFSZ     R11, 1
0x00A2	0x289D      	GOTO       L_main17
0x00A3	0x0000      	NOP
0x00A4	0x0000      	NOP
;Servo Motor.c,35 :: 		servoRotate90();
0x00A5	0x2033      	CALL       _servoRotate90
;Servo Motor.c,36 :: 		delay_ms(5000);
0x00A6	0x3033      	MOVLW      51
0x00A7	0x00FB      	MOVWF      R11
0x00A8	0x30BB      	MOVLW      187
0x00A9	0x00FC      	MOVWF      R12
0x00AA	0x30DF      	MOVLW      223
0x00AB	0x00FD      	MOVWF      R13
L_main18:
0x00AC	0x0BFD      	DECFSZ     R13, 1
0x00AD	0x28AC      	GOTO       L_main18
0x00AE	0x0BFC      	DECFSZ     R12, 1
0x00AF	0x28AC      	GOTO       L_main18
0x00B0	0x0BFB      	DECFSZ     R11, 1
0x00B1	0x28AC      	GOTO       L_main18
0x00B2	0x0000      	NOP
0x00B3	0x0000      	NOP
;Servo Motor.c,37 :: 		servoRotate180();
0x00B4	0x205C      	CALL       _servoRotate180
;Servo Motor.c,38 :: 		delay_ms(5000);
0x00B5	0x3033      	MOVLW      51
0x00B6	0x00FB      	MOVWF      R11
0x00B7	0x30BB      	MOVLW      187
0x00B8	0x00FC      	MOVWF      R12
0x00B9	0x30DF      	MOVLW      223
0x00BA	0x00FD      	MOVWF      R13
L_main19:
0x00BB	0x0BFD      	DECFSZ     R13, 1
0x00BC	0x28BB      	GOTO       L_main19
0x00BD	0x0BFC      	DECFSZ     R12, 1
0x00BE	0x28BB      	GOTO       L_main19
0x00BF	0x0BFB      	DECFSZ     R11, 1
0x00C0	0x28BB      	GOTO       L_main19
0x00C1	0x0000      	NOP
0x00C2	0x0000      	NOP
;Servo Motor.c,39 :: 		}
0x00C3	0x2896      	GOTO       L_main15
;Servo Motor.c,40 :: 		}
L_end_main:
0x00C4	0x28C4      	GOTO       $+0
; end of _main
Symbol List:
//** Routines locations **
//ADDRESS    SIZE    PROCEDURE
//----------------------------------------------
0x0003       [7]    _____DoICP
0x000A      [41]    _servoRotate0
0x0033      [41]    _servoRotate90
0x005C      [41]    _servoRotate180
0x0085      [12]    ___CC2DW
0x0091      [52]    _main
//** Variables locations ** 
//ADDRESS    SIZE    VARIABLE
//----------------------------------------------
0x0000       [1]    INDF
0x0002       [1]    PCL
0x0003       [1]    STATUS
0x0004       [1]    FSR
0x0006       [1]    PORTB
0x000A       [1]    PCLATH
0x0020       [2]    ___DoICPAddr
0x0070       [1]    R0
0x0071       [1]    R1
0x0072       [1]    R2
0x0073       [1]    R3
0x0074       [1]    R4
0x0075       [1]    R5
0x0076       [1]    R6
0x0077       [1]    R7
0x0078       [1]    R8
0x0079       [1]    R9
0x007A       [1]    R10
0x007B       [1]    R11
0x007C       [1]    R12
0x007D       [1]    R13
0x007E       [1]    R14
0x007F       [1]    R15
0x0086       [1]    TRISB
